<?xml version="1.0" encoding="UTF-8"?>
<!-- Generated by org.testng.reporters.JUnitReportReporter -->
<testsuite hostname="WIN-LU7H8QDGGU2" name="f2g.autotests.F2GUsersTest" tests="3" failures="0" timestamp="17 Oct 2017 13:13:24 GMT" time="29.921" errors="0">
  <testcase name="createUserTest" time="6.072" classname="f2g.autotests.F2GUsersTest"/>
  <testcase name="deleteUserTest" time="11.703" classname="f2g.autotests.F2GUsersTest"/>
  <testcase name="editUserTest" time="12.146" classname="f2g.autotests.F2GUsersTest"/>
</testsuite> <!-- f2g.autotests.F2GUsersTest -->
