<?xml version="1.0" encoding="UTF-8"?>
<!-- Generated by org.testng.reporters.JUnitReportReporter -->
<testsuite hostname="WIN-LU7H8QDGGU2" name="f2g.autotests.F2GUsersTest" tests="4" failures="0" timestamp="17 Oct 2017 15:51:49 GMT" time="43.749" errors="0">
  <testcase name="createUserTest" time="6.094" classname="f2g.autotests.F2GUsersTest"/>
  <testcase name="checkDBForUsersAdded" time="12.416" classname="f2g.autotests.F2GUsersTest"/>
  <testcase name="editUserTest" time="13.552" classname="f2g.autotests.F2GUsersTest"/>
  <testcase name="deleteUserTest" time="11.687" classname="f2g.autotests.F2GUsersTest"/>
</testsuite> <!-- f2g.autotests.F2GUsersTest -->
